# JRE version: Java(TM) SE Runtime Environment (8.0_45-b15) (build 1.8.0_45-b15)
# Java VM: Java HotSpot(TM) Client VM (25.45-b02 mixed mode windows-x86 )
Heap:
 def new generation   total 15488K, used 5013K [0x04800000, 0x058c0000, 0x09d50000)
  eden space 13824K,  36% used [0x04800000, 0x04ce5498, 0x05580000)
  from space 1664K,   0% used [0x05720000, 0x05720000, 0x058c0000)
  to   space 1664K,   0% used [0x05580000, 0x05580000, 0x05720000)
 tenured generation   total 34140K, used 20399K [0x09d50000, 0x0bea7000, 0x14800000)
   the space 34140K,  59% used [0x09d50000, 0x0b13bdf8, 0x0b13be00, 0x0bea7000)
 Metaspace       used 22631K, capacity 22975K, committed 23040K, reserved 23936K
GC Heap History (10 events):
Event: 625.071 GC heap before
{Heap before GC invocations=139 (full 7):
 def new generation   total 15488K, used 14863K [0x04800000, 0x058c0000, 0x09d50000)
  eden space 13824K, 100% used [0x04800000, 0x05580000, 0x05580000)
  from space 1664K,  62% used [0x05720000, 0x05823d48, 0x058c0000)
  to   space 1664K,   0% used [0x05580000, 0x05580000, 0x05720000)
 tenured generation   total 34140K, used 21570K [0x09d50000, 0x0bea7000, 0x14800000)
   the space 34140K,  63% used [0x09d50000, 0x0b260830, 0x0b260a00, 0x0bea7000)
 Metaspace       used 22591K, capacity 22972K, committed 23040K, reserved 23936K
Event: 625.077 GC heap after
Heap after GC invocations=140 (full 7):
 def new generation   total 15488K, used 1664K [0x04800000, 0x058c0000, 0x09d50000)
  eden space 13824K,   0% used [0x04800000, 0x04800000, 0x05580000)
  from space 1664K, 100% used [0x05580000, 0x05720000, 0x05720000)
  to   space 1664K,   0% used [0x05720000, 0x05720000, 0x058c0000)
 tenured generation   total 34140K, used 22213K [0x09d50000, 0x0bea7000, 0x14800000)
   the space 34140K,  65% used [0x09d50000, 0x0b3016a8, 0x0b301800, 0x0bea7000)
 Metaspace       used 22591K, capacity 22972K, committed 23040K, reserved 23936K
}
Event: 625.276 GC heap before
{Heap before GC invocations=140 (full 7):
 def new generation   total 15488K, used 15488K [0x04800000, 0x058c0000, 0x09d50000)
  eden space 13824K, 100% used [0x04800000, 0x05580000, 0x05580000)
  from space 1664K, 100% used [0x05580000, 0x05720000, 0x05720000)
  to   space 1664K,   0% used [0x05720000, 0x05720000, 0x058c0000)
 tenured generation   total 34140K, used 22213K [0x09d50000, 0x0bea7000, 0x14800000)
   the space 34140K,  65% used [0x09d50000, 0x0b3016a8, 0x0b301800, 0x0bea7000)
 Metaspace       used 22628K, capacity 23020K, committed 23040K, reserved 23936K
Event: 625.286 GC heap after
Heap after GC invocations=141 (full 7):
 def new generation   total 15488K, used 1408K [0x04800000, 0x058c0000, 0x09d50000)
  eden space 13824K,   0% used [0x04800000, 0x04800000, 0x05580000)
  from space 1664K,  84% used [0x05720000, 0x058803b0, 0x058c0000)
  to   space 1664K,   0% used [0x05580000, 0x05580000, 0x05720000)
 tenured generation   total 34140K, used 23828K [0x09d50000, 0x0bea7000, 0x14800000)
   the space 34140K,  69% used [0x09d50000, 0x0b495120, 0x0b495200, 0x0bea7000)
 Metaspace       used 22628K, capacity 23020K, committed 23040K, reserved 23936K
}
Event: 625.511 GC heap before
{Heap before GC invocations=141 (full 7):
 def new generation   total 15488K, used 15232K [0x04800000, 0x058c0000, 0x09d50000)
  eden space 13824K, 100% used [0x04800000, 0x05580000, 0x05580000)
  from space 1664K,  84% used [0x05720000, 0x058803b0, 0x058c0000)
  to   space 1664K,   0% used [0x05580000, 0x05580000, 0x05720000)
 tenured generation   total 34140K, used 23828K [0x09d50000, 0x0bea7000, 0x14800000)
   the space 34140K,  69% used [0x09d50000, 0x0b495120, 0x0b495200, 0x0bea7000)
 Metaspace       used 22635K, capacity 23030K, committed 23040K, reserved 23936K
Event: 625.517 GC heap after
Heap after GC invocations=142 (full 7):
 def new generation   total 15488K, used 899K [0x04800000, 0x058c0000, 0x09d50000)
  eden space 13824K,   0% used [0x04800000, 0x04800000, 0x05580000)
  from space 1664K,  54% used [0x05580000, 0x05660db8, 0x05720000)
  to   space 1664K,   0% used [0x05720000, 0x05720000, 0x058c0000)
 tenured generation   total 34140K, used 25164K [0x09d50000, 0x0bea7000, 0x14800000)
   the space 34140K,  73% used [0x09d50000, 0x0b5e3228, 0x0b5e3400, 0x0bea7000)
 Metaspace       used 22635K, capacity 23030K, committed 23040K, reserved 23936K
}
Event: 655.035 GC heap before
{Heap before GC invocations=142 (full 7):
 def new generation   total 15488K, used 14723K [0x04800000, 0x058c0000, 0x09d50000)
  eden space 13824K, 100% used [0x04800000, 0x05580000, 0x05580000)
  from space 1664K,  54% used [0x05580000, 0x05660db8, 0x05720000)
  to   space 1664K,   0% used [0x05720000, 0x05720000, 0x058c0000)
 tenured generation   total 34140K, used 25164K [0x09d50000, 0x0bea7000, 0x14800000)
   the space 34140K,  73% used [0x09d50000, 0x0b5e3228, 0x0b5e3400, 0x0bea7000)
 Metaspace       used 22635K, capacity 23030K, committed 23040K, reserved 23936K
Event: 655.039 GC heap after
Heap after GC invocations=143 (full 7):
 def new generation   total 15488K, used 482K [0x04800000, 0x058c0000, 0x09d50000)
  eden space 13824K,   0% used [0x04800000, 0x04800000, 0x05580000)
  from space 1664K,  29% used [0x05720000, 0x05798a50, 0x058c0000)
  to   space 1664K,   0% used [0x05580000, 0x05580000, 0x05720000)
 tenured generation   total 34140K, used 25878K [0x09d50000, 0x0bea7000, 0x14800000)
   the space 34140K,  75% used [0x09d50000, 0x0b695910, 0x0b695a00, 0x0bea7000)
 Metaspace       used 22635K, capacity 23030K, committed 23040K, reserved 23936K
}
Event: 674.408 GC heap before
{Heap before GC invocations=143 (full 7):
 def new generation   total 15488K, used 12917K [0x04800000, 0x058c0000, 0x09d50000)
  eden space 13824K,  89% used [0x04800000, 0x05424b10, 0x05580000)
  from space 1664K,  29% used [0x05720000, 0x05798a50, 0x058c0000)
  to   space 1664K,   0% used [0x05580000, 0x05580000, 0x05720000)
 tenured generation   total 34140K, used 25878K [0x09d50000, 0x0bea7000, 0x14800000)
   the space 34140K,  75% used [0x09d50000, 0x0b695910, 0x0b695a00, 0x0bea7000)
 Metaspace       used 22648K, capacity 23032K, committed 23040K, reserved 23936K
Event: 674.477 GC heap after
Heap after GC invocations=144 (full 8):
 def new generation   total 15488K, used 0K [0x04800000, 0x058c0000, 0x09d50000)
  eden space 13824K,   0% used [0x04800000, 0x04800000, 0x05580000)
  from space 1664K,   0% used [0x05720000, 0x05720000, 0x058c0000)
  to   space 1664K,   0% used [0x05580000, 0x05580000, 0x05720000)
 tenured generation   total 34140K, used 20399K [0x09d50000, 0x0bea7000, 0x14800000)
   the space 34140K,  59% used [0x09d50000, 0x0b13bdf8, 0x0b13be00, 0x0bea7000)
 Metaspace       used 22608K, capacity 22969K, committed 23040K, reserved 23936K
}

